1599609925199	geckodriver	INFO	Listening on 127.0.0.1:51094
1599610411166	geckodriver	INFO	Listening on 127.0.0.1:51267
1599610414280	mozrunner::runner	INFO	Running command: "C:\\Program Files\\Mozilla Firefox\\firefox.exe" "--marionette" "-foreground" "-no-remote" "-profile" "C:\\Users\\LUCAS~1.LUC\\AppData\\Local\\Temp\\rust_mozprofile3zAQe1"
console.error: SearchCache: "_readCacheFile: Error reading cache file:" (new Error("", "(unknown module)"))
JavaScript error: resource://gre/modules/XULStore.jsm, line 66: Error: Can't find profile directory.
1599610423796	Marionette	INFO	Listening on port 51275
1599610424320	Marionette	WARN	TLS certificate errors will be ignored for this session
[Parent 4968, Gecko_IOThread] WARNING: file /builds/worker/checkouts/gecko/ipc/chromium/src/base/process_util_win.cc, line 166
1599610438210	Marionette	INFO	Stopped listening on port 51275

###!!! [Child][RunMessage] Error: Channel closing: too late to send/recv, messages will be lost


###!!! [Child][MessageChannel::SendAndWait] Error: Channel error: cannot send/recv

1599610471986	geckodriver	INFO	Listening on 127.0.0.1:51336
1599610475007	mozrunner::runner	INFO	Running command: "C:\\Program Files\\Mozilla Firefox\\firefox.exe" "--marionette" "-foreground" "-no-remote" "-profile" "C:\\Users\\LUCAS~1.LUC\\AppData\\Local\\Temp\\rust_mozprofileNEiINZ"
JavaScript error: resource://gre/modules/XULStore.jsm, line 66: Error: Can't find profile directory.
console.error: SearchCache: "_readCacheFile: Error reading cache file:" (new Error("", "(unknown module)"))
1599610483182	Marionette	INFO	Listening on port 51344
1599610483478	Marionette	WARN	TLS certificate errors will be ignored for this session
1599610497593	Marionette	INFO	Stopped listening on port 51344
JavaScript error: resource://gre/modules/UrlClassifierListManager.jsm, line 691: TypeError: this.tablesData[table] is undefined

###!!! [Child][RunMessage] Error: Channel closing: too late to send/recv, messages will be lost


###!!! [Child][RunMessage] Error: Channel closing: too late to send/recv, messages will be lost

[Parent 7624, Gecko_IOThread] WARNING: pipe error: 232: file /builds/worker/checkouts/gecko/ipc/chromium/src/chrome/common/ipc_channel_win.cc, line 545
1599611396433	geckodriver	INFO	Listening on 127.0.0.1:51674
1599611399358	mozrunner::runner	INFO	Running command: "C:\\Program Files\\Mozilla Firefox\\firefox.exe" "--marionette" "-foreground" "-no-remote" "-profile" "C:\\Users\\LUCAS~1.LUC\\AppData\\Local\\Temp\\rust_mozprofileCsZ5QE"
console.error: SearchCache: "_readCacheFile: Error reading cache file:" (new Error("", "(unknown module)"))
JavaScript error: resource://gre/modules/XULStore.jsm, line 66: Error: Can't find profile directory.
1599611408225	Marionette	INFO	Listening on port 51685
1599611408384	Marionette	WARN	TLS certificate errors will be ignored for this session
JavaScript error: https://estatisticasdamegasena.com.br/megasena/estatisticas, line 315: SyntaxError: missing } after function body
JavaScript note: https://estatisticasdamegasena.com.br/megasena/estatisticas, line 315: { opened at line 315, column 28
JavaScript error: https://estatisticasdamegasena.com.br/megasena/estatisticas, line 322: SyntaxError: expected expression, got '}'
JavaScript error: https://estatisticasdamegasena.com.br/megasena/estatisticas, line 277: ReferenceError: prettyPrint is not defined
JavaScript error: https://estatisticasdamegasena.com.br/site/conf/vendor/morrisjs/morris.min.js, line 6: Error: Graph container element not found
1599611433311	Marionette	INFO	Stopped listening on port 51685

###!!! [Child][RunMessage] Error: Channel closing: too late to send/recv, messages will be lost

1599611713199	geckodriver	INFO	Listening on 127.0.0.1:52018
1599611716176	mozrunner::runner	INFO	Running command: "C:\\Program Files\\Mozilla Firefox\\firefox.exe" "--marionette" "-foreground" "-no-remote" "-profile" "C:\\Users\\LUCAS~1.LUC\\AppData\\Local\\Temp\\rust_mozprofileLd0sVX"
JavaScript error: resource://gre/modules/XULStore.jsm, line 66: Error: Can't find profile directory.
console.error: SearchCache: "_readCacheFile: Error reading cache file:" (new Error("", "(unknown module)"))
1599611726582	Marionette	INFO	Listening on port 52033
1599611726844	Marionette	WARN	TLS certificate errors will be ignored for this session
JavaScript error: https://estatisticasdamegasena.com.br/megasena/estatisticas, line 315: SyntaxError: missing } after function body
JavaScript note: https://estatisticasdamegasena.com.br/megasena/estatisticas, line 315: { opened at line 315, column 28
JavaScript error: https://estatisticasdamegasena.com.br/megasena/estatisticas, line 322: SyntaxError: expected expression, got '}'
JavaScript error: https://estatisticasdamegasena.com.br/megasena/estatisticas, line 277: ReferenceError: prettyPrint is not defined
JavaScript error: https://estatisticasdamegasena.com.br/site/conf/vendor/morrisjs/morris.min.js, line 6: Error: Graph container element not found

###!!! [Child][RunMessage] Error: Channel closing: too late to send/recv, messages will be lost

[Parent 1020, Gecko_IOThread] WARNING: pipe error: 232: file /builds/worker/checkouts/gecko/ipc/chromium/src/chrome/common/ipc_channel_win.cc, line 545
[Parent 1020, Gecko_IOThread] WARNING: file /builds/worker/checkouts/gecko/ipc/chromium/src/base/process_util_win.cc, line 166
[Parent 1020, Gecko_IOThread] WARNING: file /builds/worker/checkouts/gecko/ipc/chromium/src/base/process_util_win.cc, line 166
1599611838735	Marionette	INFO	Stopped listening on port 52033

###!!! [Child][RunMessage] Error: Channel closing: too late to send/recv, messages will be lost

1599611851332	geckodriver	INFO	Listening on 127.0.0.1:52227
1599611854278	mozrunner::runner	INFO	Running command: "C:\\Program Files\\Mozilla Firefox\\firefox.exe" "--marionette" "-foreground" "-no-remote" "-profile" "C:\\Users\\LUCAS~1.LUC\\AppData\\Local\\Temp\\rust_mozprofileRoffAL"
JavaScript error: resource://gre/modules/XULStore.jsm, line 66: Error: Can't find profile directory.
console.error: SearchCache: "_readCacheFile: Error reading cache file:" (new Error("", "(unknown module)"))
1599611861051	Marionette	INFO	Listening on port 52239
1599611861129	Marionette	WARN	TLS certificate errors will be ignored for this session
JavaScript error: https://estatisticasdamegasena.com.br/megasena/estatisticas, line 315: SyntaxError: missing } after function body
JavaScript note: https://estatisticasdamegasena.com.br/megasena/estatisticas, line 315: { opened at line 315, column 28
JavaScript error: https://estatisticasdamegasena.com.br/megasena/estatisticas, line 322: SyntaxError: expected expression, got '}'
JavaScript error: https://estatisticasdamegasena.com.br/megasena/estatisticas, line 277: ReferenceError: prettyPrint is not defined
JavaScript error: https://estatisticasdamegasena.com.br/site/conf/vendor/morrisjs/morris.min.js, line 6: Error: Graph container element not found
1599611880399	Marionette	INFO	Stopped listening on port 52239

###!!! [Child][RunMessage] Error: Channel closing: too late to send/recv, messages will be lost


###!!! [Child][MessageChannel::SendAndWait] Error: Channel error: cannot send/recv

1599612101149	geckodriver	INFO	Listening on 127.0.0.1:52521
1599612104102	mozrunner::runner	INFO	Running command: "C:\\Program Files\\Mozilla Firefox\\firefox.exe" "--marionette" "-foreground" "-no-remote" "-profile" "C:\\Users\\LUCAS~1.LUC\\AppData\\Local\\Temp\\rust_mozprofileJ9h6DN"
console.error: SearchCache: "_readCacheFile: Error reading cache file:" (new Error("", "(unknown module)"))
JavaScript error: resource://gre/modules/XULStore.jsm, line 66: Error: Can't find profile directory.
1599612111929	Marionette	INFO	Listening on port 52532
1599612112181	Marionette	WARN	TLS certificate errors will be ignored for this session
JavaScript error: https://estatisticasdamegasena.com.br/megasena/estatisticas, line 315: SyntaxError: missing } after function body
JavaScript note: https://estatisticasdamegasena.com.br/megasena/estatisticas, line 315: { opened at line 315, column 28
JavaScript error: https://estatisticasdamegasena.com.br/megasena/estatisticas, line 322: SyntaxError: expected expression, got '}'
JavaScript error: https://estatisticasdamegasena.com.br/megasena/estatisticas, line 277: ReferenceError: prettyPrint is not defined
JavaScript error: https://estatisticasdamegasena.com.br/site/conf/vendor/morrisjs/morris.min.js, line 6: Error: Graph container element not found
1599612129598	Marionette	INFO	Stopped listening on port 52532
[Parent 7260, Gecko_IOThread] WARNING: pipe error: 232: file /builds/worker/checkouts/gecko/ipc/chromium/src/chrome/common/ipc_channel_win.cc, line 545
[Parent 7260, Gecko_IOThread] WARNING: pipe error: 232: file /builds/worker/checkouts/gecko/ipc/chromium/src/chrome/common/ipc_channel_win.cc, line 545
[Parent 7260, Gecko_IOThread] WARNING: file /builds/worker/checkouts/gecko/ipc/chromium/src/base/process_util_win.cc, line 166
[Parent 7260, Gecko_IOThread] WARNING: file /builds/worker/checkouts/gecko/ipc/chromium/src/base/process_util_win.cc, line 166

###!!! [Child][RunMessage] Error: Channel closing: too late to send/recv, messages will be lost


###!!! [Child][MessageChannel::SendAndWait] Error: Channel error: cannot send/recv

1599612169939	geckodriver	INFO	Listening on 127.0.0.1:52645
1599612172887	mozrunner::runner	INFO	Running command: "C:\\Program Files\\Mozilla Firefox\\firefox.exe" "--marionette" "-foreground" "-no-remote" "-profile" "C:\\Users\\LUCAS~1.LUC\\AppData\\Local\\Temp\\rust_mozprofileIlX03J"
1599612205229	geckodriver	INFO	Listening on 127.0.0.1:52694
1599612208331	mozrunner::runner	INFO	Running command: "C:\\Program Files\\Mozilla Firefox\\firefox.exe" "--marionette" "-foreground" "-no-remote" "-profile" "C:\\Users\\LUCAS~1.LUC\\AppData\\Local\\Temp\\rust_mozprofileA8SQu0"
JavaScript error: resource://gre/modules/XULStore.jsm, line 66: Error: Can't find profile directory.
console.error: SearchCache: "_readCacheFile: Error reading cache file:" (new Error("", "(unknown module)"))
1599612215773	Marionette	INFO	Listening on port 52704
1599612216066	Marionette	WARN	TLS certificate errors will be ignored for this session
JavaScript error: https://estatisticasdamegasena.com.br/megasena/estatisticas, line 315: SyntaxError: missing } after function body
JavaScript note: https://estatisticasdamegasena.com.br/megasena/estatisticas, line 315: { opened at line 315, column 28
JavaScript error: https://estatisticasdamegasena.com.br/megasena/estatisticas, line 322: SyntaxError: expected expression, got '}'
JavaScript error: https://estatisticasdamegasena.com.br/megasena/estatisticas, line 277: ReferenceError: prettyPrint is not defined
JavaScript error: https://estatisticasdamegasena.com.br/site/conf/vendor/morrisjs/morris.min.js, line 6: Error: Graph container element not found
1599612233485	Marionette	INFO	Stopped listening on port 52704

###!!! [Child][RunMessage] Error: Channel closing: too late to send/recv, messages will be lost


###!!! [Child][RunMessage] Error: Channel closing: too late to send/recv, messages will be lost


###!!! [Child][RunMessage] Error: Channel closing: too late to send/recv, messages will be lost

1599612699144	geckodriver	INFO	Listening on 127.0.0.1:53191
1599612702121	mozrunner::runner	INFO	Running command: "C:\\Program Files\\Mozilla Firefox\\firefox.exe" "--marionette" "-foreground" "-no-remote" "-profile" "C:\\Users\\LUCAS~1.LUC\\AppData\\Local\\Temp\\rust_mozprofileRPS29d"
JavaScript error: resource://gre/modules/XULStore.jsm, line 66: Error: Can't find profile directory.
console.error: SearchCache: "_readCacheFile: Error reading cache file:" (new Error("", "(unknown module)"))
1599612709227	Marionette	INFO	Listening on port 53199
1599612709471	Marionette	WARN	TLS certificate errors will be ignored for this session
JavaScript error: https://estatisticasdamegasena.com.br/megasena/estatisticas, line 315: SyntaxError: missing } after function body
JavaScript note: https://estatisticasdamegasena.com.br/megasena/estatisticas, line 315: { opened at line 315, column 28
JavaScript error: https://estatisticasdamegasena.com.br/megasena/estatisticas, line 322: SyntaxError: expected expression, got '}'
JavaScript error: https://estatisticasdamegasena.com.br/megasena/estatisticas, line 277: ReferenceError: prettyPrint is not defined
JavaScript error: https://estatisticasdamegasena.com.br/site/conf/vendor/morrisjs/morris.min.js, line 6: Error: Graph container element not found
1599612727261	Marionette	INFO	Stopped listening on port 53199

###!!! [Child][RunMessage] Error: Channel closing: too late to send/recv, messages will be lost

1599614520638	geckodriver	INFO	Listening on 127.0.0.1:54390
1599614523676	mozrunner::runner	INFO	Running command: "C:\\Program Files\\Mozilla Firefox\\firefox.exe" "--marionette" "-foreground" "-no-remote" "-profile" "C:\\Users\\LUCAS~1.LUC\\AppData\\Local\\Temp\\rust_mozprofilesCI9JL"
JavaScript error: resource://gre/modules/XULStore.jsm, line 66: Error: Can't find profile directory.
console.error: SearchCache: "_readCacheFile: Error reading cache file:" (new Error("", "(unknown module)"))
1599614531208	Marionette	INFO	Listening on port 54400
1599614531506	Marionette	WARN	TLS certificate errors will be ignored for this session
JavaScript error: https://estatisticasdamegasena.com.br/megasena/estatisticas, line 315: SyntaxError: missing } after function body
JavaScript note: https://estatisticasdamegasena.com.br/megasena/estatisticas, line 315: { opened at line 315, column 28
JavaScript error: https://estatisticasdamegasena.com.br/megasena/estatisticas, line 322: SyntaxError: expected expression, got '}'
JavaScript error: https://estatisticasdamegasena.com.br/megasena/estatisticas, line 277: ReferenceError: prettyPrint is not defined
JavaScript error: https://estatisticasdamegasena.com.br/site/conf/vendor/morrisjs/morris.min.js, line 6: Error: Graph container element not found
1599614548181	Marionette	INFO	Stopped listening on port 54400
[Parent 6328, Gecko_IOThread] WARNING: file /builds/worker/checkouts/gecko/ipc/chromium/src/base/process_util_win.cc, line 166

###!!! [Child][RunMessage] Error: Channel closing: too late to send/recv, messages will be lost


###!!! [Child][MessageChannel::SendAndWait] Error: Channel error: cannot send/recv

1599614612696	geckodriver	INFO	Listening on 127.0.0.1:54539
1599614615730	mozrunner::runner	INFO	Running command: "C:\\Program Files\\Mozilla Firefox\\firefox.exe" "--marionette" "-foreground" "-no-remote" "-profile" "C:\\Users\\LUCAS~1.LUC\\AppData\\Local\\Temp\\rust_mozprofile2kPXwm"
console.error: SearchCache: "_readCacheFile: Error reading cache file:" (new Error("", "(unknown module)"))
JavaScript error: resource://gre/modules/XULStore.jsm, line 66: Error: Can't find profile directory.
1599614622289	Marionette	INFO	Listening on port 54549
1599614622332	Marionette	WARN	TLS certificate errors will be ignored for this session
JavaScript error: https://estatisticasdamegasena.com.br/megasena/estatisticas, line 315: SyntaxError: missing } after function body
JavaScript note: https://estatisticasdamegasena.com.br/megasena/estatisticas, line 315: { opened at line 315, column 28
JavaScript error: https://estatisticasdamegasena.com.br/megasena/estatisticas, line 322: SyntaxError: expected expression, got '}'
JavaScript error: https://estatisticasdamegasena.com.br/megasena/estatisticas, line 277: ReferenceError: prettyPrint is not defined
JavaScript error: https://estatisticasdamegasena.com.br/site/conf/vendor/morrisjs/morris.min.js, line 6: Error: Graph container element not found
1599614638848	Marionette	INFO	Stopped listening on port 54549

###!!! [Child][RunMessage] Error: Channel closing: too late to send/recv, messages will be lost

1599620934963	geckodriver	INFO	Listening on 127.0.0.1:58997
1599620937709	mozrunner::runner	INFO	Running command: "C:\\Program Files\\Mozilla Firefox\\firefox.exe" "--marionette" "-foreground" "-no-remote" "-profile" "C:\\Users\\LUCAS~1.LUC\\AppData\\Local\\Temp\\rust_mozprofile2ey9qN"
JavaScript error: resource://gre/modules/XULStore.jsm, line 66: Error: Can't find profile directory.
console.error: SearchCache: "_readCacheFile: Error reading cache file:" (new Error("", "(unknown module)"))
console.error: Region.jsm: "Error fetching region" (new AbortError("The operation was aborted. ", (void 0), 689))
console.error: Region.jsm: "Failed to fetch region" (new Error("NO_RESULT", "resource://gre/modules/Region.jsm", 343))
1599620982782	Marionette	INFO	Listening on port 59009
[Parent 6840, Gecko_IOThread] WARNING: file /builds/worker/checkouts/gecko/ipc/chromium/src/base/process_util_win.cc, line 166
1599620988005	Marionette	WARN	TLS certificate errors will be ignored for this session
JavaScript error: https://estatisticasdamegasena.com.br/megasena/estatisticas, line 315: SyntaxError: missing } after function body
JavaScript note: https://estatisticasdamegasena.com.br/megasena/estatisticas, line 315: { opened at line 315, column 28
JavaScript error: https://estatisticasdamegasena.com.br/megasena/estatisticas, line 322: SyntaxError: expected expression, got '}'
JavaScript error: https://estatisticasdamegasena.com.br/megasena/estatisticas, line 277: ReferenceError: prettyPrint is not defined
JavaScript error: https://estatisticasdamegasena.com.br/site/conf/vendor/morrisjs/morris.min.js, line 6: Error: Graph container element not found
1599621021418	Marionette	INFO	Stopped listening on port 59009
[Parent 6840, Gecko_IOThread] WARNING: file /builds/worker/checkouts/gecko/ipc/chromium/src/base/process_util_win.cc, line 166

###!!! [Child][RunMessage] Error: Channel closing: too late to send/recv, messages will be lost


###!!! [Child][RunMessage] Error: Channel closing: too late to send/recv, messages will be lost

1599621486510	geckodriver	INFO	Listening on 127.0.0.1:59443
1599621488748	mozrunner::runner	INFO	Running command: "C:\\Program Files\\Mozilla Firefox\\firefox.exe" "--marionette" "-foreground" "-no-remote" "-profile" "C:\\Users\\LUCAS~1.LUC\\AppData\\Local\\Temp\\rust_mozprofile33tyI4"
JavaScript error: resource://gre/modules/XULStore.jsm, line 66: Error: Can't find profile directory.
console.error: SearchCache: "_readCacheFile: Error reading cache file:" (new Error("", "(unknown module)"))
1599621496841	Marionette	INFO	Listening on port 59453
1599621497338	Marionette	WARN	TLS certificate errors will be ignored for this session
[Parent 7852, Gecko_IOThread] WARNING: file /builds/worker/checkouts/gecko/ipc/chromium/src/base/process_util_win.cc, line 166
1599621530311	Marionette	INFO	Stopped listening on port 59453

###!!! [Child][RunMessage] Error: Channel closing: too late to send/recv, messages will be lost

1599621541064	geckodriver	INFO	Listening on 127.0.0.1:59575
1599621543911	mozrunner::runner	INFO	Running command: "C:\\Program Files\\Mozilla Firefox\\firefox.exe" "--marionette" "-foreground" "-no-remote" "-profile" "C:\\Users\\LUCAS~1.LUC\\AppData\\Local\\Temp\\rust_mozprofileXA3JQY"
JavaScript error: resource://gre/modules/XULStore.jsm, line 66: Error: Can't find profile directory.
console.error: SearchCache: "_readCacheFile: Error reading cache file:" (new Error("", "(unknown module)"))
1599621557575	Marionette	INFO	Listening on port 59590
1599621557854	Marionette	WARN	TLS certificate errors will be ignored for this session

###!!! [Child][RunMessage] Error: Channel closing: too late to send/recv, messages will be lost


###!!! [Child][RunMessage] Error: Channel closing: too late to send/recv, messages will be lost

[Parent 6016, Gecko_IOThread] WARNING: file /builds/worker/checkouts/gecko/ipc/chromium/src/base/process_util_win.cc, line 166
1599621617571	Marionette	INFO	Stopped listening on port 59590

###!!! [Child][RunMessage] Error: Channel closing: too late to send/recv, messages will be lost


###!!! [Child][MessageChannel::SendAndWait] Error: Channel error: cannot send/recv

1599621657997	geckodriver	INFO	Listening on 127.0.0.1:59779
1599621660669	mozrunner::runner	INFO	Running command: "C:\\Program Files\\Mozilla Firefox\\firefox.exe" "--marionette" "-foreground" "-no-remote" "-profile" "C:\\Users\\LUCAS~1.LUC\\AppData\\Local\\Temp\\rust_mozprofilekcfDNH"
console.error: SearchCache: "_readCacheFile: Error reading cache file:" (new Error("", "(unknown module)"))
JavaScript error: resource://gre/modules/XULStore.jsm, line 66: Error: Can't find profile directory.
1599621669386	Marionette	INFO	Listening on port 59791
1599621669596	Marionette	WARN	TLS certificate errors will be ignored for this session
1599621791259	Marionette	INFO	Stopped listening on port 59791

###!!! [Child][RunMessage] Error: Channel closing: too late to send/recv, messages will be lost

"--marionette" "-foreground" "-no-remote" "-profile" "C:\\Users\\LUCAS~1.LUC\\AppData\\Local\\Temp\\rust_mozprofileFphZ6h"
console.error: SearchCache: "_readCacheFile: Error reading cache file:" (new Error("", "(unknown module)"))
JavaScript error: resource://gre/modules/XULStore.jsm, line 66: Error: Can't find profile directory.
console.error: "Could not write session state file " (new Error("_initWorker called too early! Please read the session file from disk first.", "resource:///modules/sessionstore/SessionFile.jsm", 375)) "_initWorker/<@resource:///modules/sessionstore/SessionFile.jsm:375:15\n_initWorker@resource:///modules/sessionstore/SessionFile.jsm:368:12\n_postToWorker@resource:///modules/sessionstore/SessionFile.jsm:410:16\nwrite@resource:///modules/sessionstore/SessionFile.jsm:448:24\nwrite@resource:///modules/sessionstore/SessionFile.jsm:75:32\n_writeState@resource:///modules/sessionstore/SessionSaver.jsm:360:24\n_saveState@resource:///modules/sessionstore/SessionSaver.jsm:294:17\n_saveStateAsync@resource:///modules/sessionstore/SessionSaver.jsm:344:10\nsaveStateAsyncWhenIdle@resource:///modules/sessionstore/SessionSaver.jsm:191:14\ncallback@resource://gre/modules/Timer.jsm:127:16\n"
1599621789249	Marionette	INFO	Listening on port 59993
1599621789370	Marionette	WARN	TLS certificate errors will be ignored for this session
1599621802612	Marionette	INFO	Stopped listening on port 59993

###!!! [Child][RunMessage] Error: Channel closing: too late to send/recv, messages will be lost

